Using pre-set license
Built from '2022.3/staging' branch; Version is '2022.3.13f1 (5f90a5ebde0f) revision 6262949'; Using compiler version '192829333'; Build Type 'Release'
OS: 'Windows 11  (10.0.22621) 64bit Core' Language: 'en' Physical Memory: 64631 MB
BatchMode: 1, IsHumanControllingUs: 0, StartBugReporterOnCrash: 0, Is64bit: 1, IsPro: 1

COMMAND LINE ARGUMENTS:
C:\Program Files\Unity\Hub\Editor\2022.3.13f1\Editor\Unity.exe
-adb2
-batchMode
-noUpm
-name
AssetImportWorker4
-projectPath
C:/Users/bhawl/Documents/Development/Unity/Solar System
-logFile
Logs/AssetImportWorker4.log
-srvPort
52432
Successfully changed project path to: C:/Users/bhawl/Documents/Development/Unity/Solar System
C:/Users/bhawl/Documents/Development/Unity/Solar System
[UnityMemory] Configuration Parameters - Can be set up in boot.config
    "memorysetup-bucket-allocator-granularity=16"
    "memorysetup-bucket-allocator-bucket-count=8"
    "memorysetup-bucket-allocator-block-size=33554432"
    "memorysetup-bucket-allocator-block-count=8"
    "memorysetup-main-allocator-block-size=16777216"
    "memorysetup-thread-allocator-block-size=16777216"
    "memorysetup-gfx-main-allocator-block-size=16777216"
    "memorysetup-gfx-thread-allocator-block-size=16777216"
    "memorysetup-cache-allocator-block-size=4194304"
    "memorysetup-typetree-allocator-block-size=2097152"
    "memorysetup-profiler-bucket-allocator-granularity=16"
    "memorysetup-profiler-bucket-allocator-bucket-count=8"
    "memorysetup-profiler-bucket-allocator-block-size=33554432"
    "memorysetup-profiler-bucket-allocator-block-count=8"
    "memorysetup-profiler-allocator-block-size=16777216"
    "memorysetup-profiler-editor-allocator-block-size=1048576"
    "memorysetup-temp-allocator-size-main=16777216"
    "memorysetup-job-temp-allocator-block-size=2097152"
    "memorysetup-job-temp-allocator-block-size-background=1048576"
    "memorysetup-job-temp-allocator-reduction-small-platforms=262144"
    "memorysetup-allocator-temp-initial-block-size-main=262144"
    "memorysetup-allocator-temp-initial-block-size-worker=262144"
    "memorysetup-temp-allocator-size-background-worker=32768"
    "memorysetup-temp-allocator-size-job-worker=262144"
    "memorysetup-temp-allocator-size-preload-manager=33554432"
    "memorysetup-temp-allocator-size-nav-mesh-worker=65536"
    "memorysetup-temp-allocator-size-audio-worker=65536"
    "memorysetup-temp-allocator-size-cloud-worker=32768"
    "memorysetup-temp-allocator-size-gi-baking-worker=262144"
    "memorysetup-temp-allocator-size-gfx=262144"
Player connection [37176] Host "[IP] 10.0.0.43 [Port] 0 [Flags] 2 [Guid] 2623567568 [EditorId] 2623567568 [Version] 1048832 [Id] WindowsEditor(7,Not_Your_PC) [Debug] 1 [PackageName] WindowsEditor [ProjectName] Editor" joined multi-casting on [225.0.0.222:54997]...

Player connection [37176] Host "[IP] 10.0.0.43 [Port] 0 [Flags] 2 [Guid] 2623567568 [EditorId] 2623567568 [Version] 1048832 [Id] WindowsEditor(7,Not_Your_PC) [Debug] 1 [PackageName] WindowsEditor [ProjectName] Editor" joined alternative multi-casting on [225.0.0.222:34997]...

[Physics::Module] Initialized MultithreadedJobDispatcher with 31 workers.
Refreshing native plugins compatible for Editor in 6.98 ms, found 3 plugins.
Preloading 0 native plugins for Editor in 0.00 ms.
Initialize engine version: 2022.3.13f1 (5f90a5ebde0f)
[Subsystems] Discovering subsystems at path C:/Program Files/Unity/Hub/Editor/2022.3.13f1/Editor/Data/Resources/UnitySubsystems
[Subsystems] Discovering subsystems at path C:/Users/bhawl/Documents/Development/Unity/Solar System/Assets
GfxDevice: creating device client; threaded=0; jobified=0
Direct3D:
    Version:  Direct3D 11.0 [level 11.1]
    Renderer: NVIDIA GeForce RTX 4090 (ID=0x2684)
    Vendor:   NVIDIA
    VRAM:     24156 MB
    Driver:   31.0.15.4617
Initialize mono
Mono path[0] = 'C:/Program Files/Unity/Hub/Editor/2022.3.13f1/Editor/Data/Managed'
Mono path[1] = 'C:/Program Files/Unity/Hub/Editor/2022.3.13f1/Editor/Data/MonoBleedingEdge/lib/mono/unityjit-win32'
Mono config path = 'C:/Program Files/Unity/Hub/Editor/2022.3.13f1/Editor/Data/MonoBleedingEdge/etc'
Using monoOptions --debugger-agent=transport=dt_socket,embedding=1,server=y,suspend=n,address=127.0.0.1:56404
Begin MonoManager ReloadAssembly
Registering precompiled unity dll's ...
Register platform support module: C:/Program Files/Unity/Hub/Editor/2022.3.13f1/Editor/Data/PlaybackEngines/WebGLSupport/UnityEditor.WebGL.Extensions.dll
Register platform support module: C:/Program Files/Unity/Hub/Editor/2022.3.13f1/Editor/Data/PlaybackEngines/WindowsStandaloneSupport/UnityEditor.WindowsStandalone.Extensions.dll
Registered in 0.008137 seconds.
- Loaded All Assemblies, in  0.348 seconds
Native extension for WindowsStandalone target not found
Native extension for WebGL target not found
Mono: successfully reloaded assembly
- Finished resetting the current domain, in  0.191 seconds
Domain Reload Profiling: 538ms
	BeginReloadAssembly (81ms)
		ExecutionOrderSort (0ms)
		DisableScriptedObjects (0ms)
		BackupInstance (0ms)
		ReleaseScriptingObjects (0ms)
		CreateAndSetChildDomain (0ms)
	RebuildCommonClasses (37ms)
	RebuildNativeTypeToScriptingClass (9ms)
	initialDomainReloadingComplete (59ms)
	LoadAllAssembliesAndSetupDomain (160ms)
		LoadAssemblies (82ms)
		RebuildTransferFunctionScriptingTraits (0ms)
		AnalyzeDomain (156ms)
			TypeCache.Refresh (155ms)
				TypeCache.ScanAssembly (135ms)
			ScanForSourceGeneratedMonoScriptInfo (1ms)
			ResolveRequiredComponents (0ms)
	FinalizeReload (191ms)
		ReleaseScriptCaches (0ms)
		RebuildScriptCaches (0ms)
		SetupLoadedEditorAssemblies (147ms)
			LogAssemblyErrors (0ms)
			InitializePlatformSupportModulesInManaged (8ms)
			SetLoadedEditorAssemblies (5ms)
			RefreshPlugins (0ms)
			BeforeProcessingInitializeOnLoad (2ms)
			ProcessInitializeOnLoadAttributes (94ms)
			ProcessInitializeOnLoadMethodAttributes (38ms)
			AfterProcessingInitializeOnLoad (0ms)
			EditorAssembliesLoaded (0ms)
		ExecutionOrderSort2 (0ms)
		AwakeInstancesAfterBackupRestoration (0ms)
========================================================================
Worker process is ready to serve import requests
Begin MonoManager ReloadAssembly
- Loaded All Assemblies, in  0.654 seconds
Refreshing native plugins compatible for Editor in 2.50 ms, found 3 plugins.
Native extension for WindowsStandalone target not found
Native extension for WebGL target not found
Package Manager log level set to [2]
[Package Manager] Server::EnsureServerProcessIsRunning -- launch failed, reason: Unity was launched with the -noUpm command-line argument
[Package Manager] UpmClient::Send -- Unable to send message (not connected to UPM process).
[Package Manager] Cannot connect to Unity Package Manager local server
Mono: successfully reloaded assembly
- Finished resetting the current domain, in  0.364 seconds
Domain Reload Profiling: 1017ms
	BeginReloadAssembly (141ms)
		ExecutionOrderSort (0ms)
		DisableScriptedObjects (4ms)
		BackupInstance (0ms)
		ReleaseScriptingObjects (0ms)
		CreateAndSetChildDomain (15ms)
	RebuildCommonClasses (21ms)
	RebuildNativeTypeToScriptingClass (9ms)
	initialDomainReloadingComplete (30ms)
	LoadAllAssembliesAndSetupDomain (452ms)
		LoadAssemblies (347ms)
		RebuildTransferFunctionScriptingTraits (0ms)
		AnalyzeDomain (192ms)
			TypeCache.Refresh (170ms)
				TypeCache.ScanAssembly (155ms)
			ScanForSourceGeneratedMonoScriptInfo (19ms)
			ResolveRequiredComponents (3ms)
	FinalizeReload (365ms)
		ReleaseScriptCaches (0ms)
		RebuildScriptCaches (0ms)
		SetupLoadedEditorAssemblies (241ms)
			LogAssemblyErrors (0ms)
			InitializePlatformSupportModulesInManaged (5ms)
			SetLoadedEditorAssemblies (3ms)
			RefreshPlugins (0ms)
			BeforeProcessingInitializeOnLoad (35ms)
			ProcessInitializeOnLoadAttributes (175ms)
			ProcessInitializeOnLoadMethodAttributes (19ms)
			AfterProcessingInitializeOnLoad (5ms)
			EditorAssembliesLoaded (0ms)
		ExecutionOrderSort2 (0ms)
		AwakeInstancesAfterBackupRestoration (6ms)
Launched and connected shader compiler UnityShaderCompiler.exe after 0.06 seconds
Refreshing native plugins compatible for Editor in 2.74 ms, found 3 plugins.
Preloading 0 native plugins for Editor in 0.00 ms.
Unloading 3082 Unused Serialized files (Serialized files now loaded: 0)
Unloading 32 unused Assets / (57.2 KB). Loaded Objects now: 3544.
Memory consumption went from 123.2 MB to 123.2 MB.
Total: 2.435800 ms (FindLiveObjects: 0.218400 ms CreateObjectMapping: 0.040800 ms MarkObjects: 2.066000 ms  DeleteObjects: 0.109800 ms)

AssetImportParameters requested are different than current active one (requested -> active):
  custom:container-demuxer-ogg: 62fdf1f143b41e24485cea50d1cbac27 -> 
  custom:video-codec-MediaFoundation-h265: 746d11721c4dcdbdad8f713fa42b33f4 -> 
  custom:video-decoder-ogg-theora: a1e56fd34408186e4bbccfd4996cb3dc -> 
  custom:framework-win-MediaFoundation: 216162199b28c13a410421893ffa2e32 -> 
  custom:CustomObjectIndexerAttribute: 756ad292c208cfabdd7b50bc23989ffe -> 
  custom:container-demuxer-webm: 4f35f7cbe854078d1ac9338744f61a02 -> 
  custom:container-muxer-webm: aa71ff27fc2769a1b78a27578f13a17b -> 
  custom:video-decoder-webm-vp8: 9c59270c3fd7afecdb556c50c9e8de78 -> 
  custom:SearchIndexIgnoredProperties: e643bd26f0fe6173181afceb89e7c659 -> 
  custom:AudioImporter_EditorPlatform: d09bf68614088b80899f8185d706f6e7 -> 
  custom:video-encoder-webm-vp8: eb34c28f22e8b96e1ab97ce403110664 -> 
  custom:audio-decoder-ogg-vorbis: bf7c407c2cedff20999df2af8eb42d56 -> 
  custom:audio-encoder-webm-vorbis: bf7c407c2cedff20999df2af8eb42d56 -> 
========================================================================
Received Import Request.
  Time since last request: 7563.004566 seconds.
  path: Assets/Materials/earth_mat.mat
  artifactKey: Guid(62f087c1112e0224ba7aba5e75256240) Importer(815301076,1909f56bfc062723c751e8b465ee728b)
Start importing Assets/Materials/earth_mat.mat using Guid(62f087c1112e0224ba7aba5e75256240) Importer(815301076,1909f56bfc062723c751e8b465ee728b)  -> (artifact id: '1d2a5866e2fc961bc260f1065bbdb8bf') in 0.064332 seconds
Number of updated asset objects reloaded before import = 0
Number of asset objects unloaded after import = 2
========================================================================
Received Import Request.
  Time since last request: 8.339680 seconds.
  path: Assets/Materials/jupiter_mat.mat
  artifactKey: Guid(fa7564d34e57ff1469cef43ac5265a16) Importer(815301076,1909f56bfc062723c751e8b465ee728b)
Start importing Assets/Materials/jupiter_mat.mat using Guid(fa7564d34e57ff1469cef43ac5265a16) Importer(815301076,1909f56bfc062723c751e8b465ee728b)  -> (artifact id: 'a607119e00718d4503170586ca21e244') in 0.006079 seconds
Number of updated asset objects reloaded before import = 0
Number of asset objects unloaded after import = 2
========================================================================
Received Import Request.
  Time since last request: 6.162652 seconds.
  path: Assets/Materials/mars_mat.mat
  artifactKey: Guid(ba9329817ec8a714db0a9671dd425594) Importer(815301076,1909f56bfc062723c751e8b465ee728b)
Start importing Assets/Materials/mars_mat.mat using Guid(ba9329817ec8a714db0a9671dd425594) Importer(815301076,1909f56bfc062723c751e8b465ee728b)  -> (artifact id: 'ff0a8e5e5a722e0506b1e354f495ea95') in 0.006059 seconds
Number of updated asset objects reloaded before import = 0
Number of asset objects unloaded after import = 2
========================================================================
Received Import Request.
  Time since last request: 8.394219 seconds.
  path: Assets/Materials/mercury_mat.mat
  artifactKey: Guid(c7ee3e21df4e88a45bd9ac66dcbfd20f) Importer(815301076,1909f56bfc062723c751e8b465ee728b)
Start importing Assets/Materials/mercury_mat.mat using Guid(c7ee3e21df4e88a45bd9ac66dcbfd20f) Importer(815301076,1909f56bfc062723c751e8b465ee728b)  -> (artifact id: 'c2b77f7b46959b2aad2bb49bc31ca35c') in 0.006103 seconds
Number of updated asset objects reloaded before import = 0
Number of asset objects unloaded after import = 2
========================================================================
Received Import Request.
  Time since last request: 6.677284 seconds.
  path: Assets/Materials/moon_mat.mat
  artifactKey: Guid(564c7de7ddfb3a74d866fc9f4b9dcee2) Importer(815301076,1909f56bfc062723c751e8b465ee728b)
Start importing Assets/Materials/moon_mat.mat using Guid(564c7de7ddfb3a74d866fc9f4b9dcee2) Importer(815301076,1909f56bfc062723c751e8b465ee728b)  -> (artifact id: '3e5b88eeba8021d3c1f437a2a7cb44ec') in 0.005598 seconds
Number of updated asset objects reloaded before import = 0
Number of asset objects unloaded after import = 2
========================================================================
Received Import Request.
  Time since last request: 5.497175 seconds.
  path: Assets/Materials/neptune_mat.mat
  artifactKey: Guid(a58cd25723225e54e8e3ad32ee6ad642) Importer(815301076,1909f56bfc062723c751e8b465ee728b)
Start importing Assets/Materials/neptune_mat.mat using Guid(a58cd25723225e54e8e3ad32ee6ad642) Importer(815301076,1909f56bfc062723c751e8b465ee728b)  -> (artifact id: '76c24e680b7d8f5925777f82810c5edc') in 0.008155 seconds
Number of updated asset objects reloaded before import = 0
Number of asset objects unloaded after import = 2
========================================================================
Received Import Request.
  Time since last request: 5.488921 seconds.
  path: Assets/Materials/pluto_mat.mat
  artifactKey: Guid(3fdbe817883271248b3b8c67329f15e4) Importer(815301076,1909f56bfc062723c751e8b465ee728b)
Start importing Assets/Materials/pluto_mat.mat using Guid(3fdbe817883271248b3b8c67329f15e4) Importer(815301076,1909f56bfc062723c751e8b465ee728b)  -> (artifact id: 'b2dd0093ae1f937378f9c3a7e9967592') in 0.007890 seconds
Number of updated asset objects reloaded before import = 0
Number of asset objects unloaded after import = 2
========================================================================
Received Import Request.
  Time since last request: 9.816489 seconds.
  path: Assets/Materials/saturn_mat.mat
  artifactKey: Guid(226979bfcc99e2c4fa67023eb626a245) Importer(815301076,1909f56bfc062723c751e8b465ee728b)
Start importing Assets/Materials/saturn_mat.mat using Guid(226979bfcc99e2c4fa67023eb626a245) Importer(815301076,1909f56bfc062723c751e8b465ee728b)  -> (artifact id: '9d6d7eca9a707649578e0dd2a1d11f5d') in 0.015116 seconds
Number of updated asset objects reloaded before import = 0
Number of asset objects unloaded after import = 2
========================================================================
Received Import Request.
  Time since last request: 4.927015 seconds.
  path: Assets/Materials/sun_mat.mat
  artifactKey: Guid(d55bc4dbaf15680419b8ab29d35aebf0) Importer(815301076,1909f56bfc062723c751e8b465ee728b)
Start importing Assets/Materials/sun_mat.mat using Guid(d55bc4dbaf15680419b8ab29d35aebf0) Importer(815301076,1909f56bfc062723c751e8b465ee728b)  -> (artifact id: 'b858f07ef22fe3d86eedb5189df04cb2') in 0.007458 seconds
Number of updated asset objects reloaded before import = 0
Number of asset objects unloaded after import = 2
========================================================================
Received Import Request.
  Time since last request: 5.612197 seconds.
  path: Assets/Materials/uranus_mat.mat
  artifactKey: Guid(b4d04b630783fd14da7affeef3384c3d) Importer(815301076,1909f56bfc062723c751e8b465ee728b)
Start importing Assets/Materials/uranus_mat.mat using Guid(b4d04b630783fd14da7affeef3384c3d) Importer(815301076,1909f56bfc062723c751e8b465ee728b)  -> (artifact id: 'b7a9af5e6192995619e81d1ced68a918') in 0.012676 seconds
Number of updated asset objects reloaded before import = 0
Number of asset objects unloaded after import = 2
========================================================================
Received Import Request.
  Time since last request: 5.305726 seconds.
  path: Assets/Materials/venus_mat.mat
  artifactKey: Guid(8a6f66614ac4df7428b0e3da10937525) Importer(815301076,1909f56bfc062723c751e8b465ee728b)
Start importing Assets/Materials/venus_mat.mat using Guid(8a6f66614ac4df7428b0e3da10937525) Importer(815301076,1909f56bfc062723c751e8b465ee728b)  -> (artifact id: '5188496b8f9ed0f3a8f7bb4c5a412cfc') in 0.007462 seconds
Number of updated asset objects reloaded before import = 0
Number of asset objects unloaded after import = 2
========================================================================
Received Import Request.
  Time since last request: 34.865364 seconds.
  path: Assets/Textures/blue_nebulae_1.png
  artifactKey: Guid(de5f0b9889e6675479c016873870e0e3) Importer(815301076,1909f56bfc062723c751e8b465ee728b)
Start importing Assets/Textures/blue_nebulae_1.png using Guid(de5f0b9889e6675479c016873870e0e3) Importer(815301076,1909f56bfc062723c751e8b465ee728b)  -> (artifact id: '8300f3b168f458a877384b2a1030aafb') in 0.013267 seconds
Number of updated asset objects reloaded before import = 0
Number of asset objects unloaded after import = 2
========================================================================
Received Import Request.
  Time since last request: 3.144135 seconds.
  path: Assets/Textures/hazy_nebulae_1.png
  artifactKey: Guid(3aecee58b566f524980ed6c26d833b16) Importer(815301076,1909f56bfc062723c751e8b465ee728b)
Start importing Assets/Textures/hazy_nebulae_1.png using Guid(3aecee58b566f524980ed6c26d833b16) Importer(815301076,1909f56bfc062723c751e8b465ee728b)  -> (artifact id: '896fc12aba402e92d6c9fbf365731ad9') in 0.008619 seconds
Number of updated asset objects reloaded before import = 0
Number of asset objects unloaded after import = 2
========================================================================
Received Import Request.
  Time since last request: 4.412325 seconds.
  path: Assets/Textures/plain_starfield_1.png
  artifactKey: Guid(ed85fe800d0f35f4caf79f9332cd36e3) Importer(815301076,1909f56bfc062723c751e8b465ee728b)
Start importing Assets/Textures/plain_starfield_1.png using Guid(ed85fe800d0f35f4caf79f9332cd36e3) Importer(815301076,1909f56bfc062723c751e8b465ee728b)  -> (artifact id: '55e124033b354e5c7b8e1dfaab006fb7') in 0.010295 seconds
Number of updated asset objects reloaded before import = 0
Number of asset objects unloaded after import = 2
========================================================================
Received Import Request.
  Time since last request: 4.478629 seconds.
  path: Assets/Textures/ringed_gas_giant_planet.png
  artifactKey: Guid(69aa585359cac3340b4fde8507a9dc1e) Importer(815301076,1909f56bfc062723c751e8b465ee728b)
Start importing Assets/Textures/ringed_gas_giant_planet.png using Guid(69aa585359cac3340b4fde8507a9dc1e) Importer(815301076,1909f56bfc062723c751e8b465ee728b)  -> (artifact id: '5ff889f8a9b69392a22ca52489bb1c9a') in 0.010962 seconds
Number of updated asset objects reloaded before import = 0
Number of asset objects unloaded after import = 2
========================================================================
Received Import Request.
  Time since last request: 5.817031 seconds.
  path: Assets/Textures/Skybox
  artifactKey: Guid(4484ab248705cc742a9c3db3eb8c704c) Importer(815301076,1909f56bfc062723c751e8b465ee728b)
Start importing Assets/Textures/Skybox using Guid(4484ab248705cc742a9c3db3eb8c704c) Importer(815301076,1909f56bfc062723c751e8b465ee728b)  -> (artifact id: 'ffc2b4562418dee8a61bb81c22c8e4a4') in 0.001978 seconds
Number of updated asset objects reloaded before import = 0
Number of asset objects unloaded after import = 0
========================================================================
Received Import Request.
  Time since last request: 14.663134 seconds.
  path: Assets/Materials/background_mat.mat
  artifactKey: Guid(6f34a83e07d523c468f3f1f87891e29f) Importer(815301076,1909f56bfc062723c751e8b465ee728b)
Start importing Assets/Materials/background_mat.mat using Guid(6f34a83e07d523c468f3f1f87891e29f) Importer(815301076,1909f56bfc062723c751e8b465ee728b)  -> (artifact id: '23e6d2bfeef61c0b3e97ca5e49d8772b') in 0.004946 seconds
Number of updated asset objects reloaded before import = 0
Number of asset objects unloaded after import = 1
========================================================================
Received Prepare
Begin MonoManager ReloadAssembly
- Loaded All Assemblies, in  0.283 seconds
Refreshing native plugins compatible for Editor in 3.35 ms, found 3 plugins.
Native extension for WindowsStandalone target not found
Native extension for WebGL target not found
[Package Manager] Server::EnsureServerProcessIsRunning -- launch failed, reason: Unity was launched with the -noUpm command-line argument
[Package Manager] UpmClient::Send -- Unable to send message (not connected to UPM process).
[Package Manager] Cannot connect to Unity Package Manager local server
Mono: successfully reloaded assembly
- Finished resetting the current domain, in  2.808 seconds
Domain Reload Profiling: 3090ms
	BeginReloadAssembly (99ms)
		ExecutionOrderSort (0ms)
		DisableScriptedObjects (3ms)
		BackupInstance (0ms)
		ReleaseScriptingObjects (0ms)
		CreateAndSetChildDomain (22ms)
	RebuildCommonClasses (21ms)
	RebuildNativeTypeToScriptingClass (9ms)
	initialDomainReloadingComplete (18ms)
	LoadAllAssembliesAndSetupDomain (134ms)
		LoadAssemblies (180ms)
		RebuildTransferFunctionScriptingTraits (0ms)
		AnalyzeDomain (6ms)
			TypeCache.Refresh (3ms)
				TypeCache.ScanAssembly (0ms)
			ScanForSourceGeneratedMonoScriptInfo (0ms)
			ResolveRequiredComponents (2ms)
	FinalizeReload (2809ms)
		ReleaseScriptCaches (0ms)
		RebuildScriptCaches (0ms)
		SetupLoadedEditorAssemblies (232ms)
			LogAssemblyErrors (0ms)
			InitializePlatformSupportModulesInManaged (5ms)
			SetLoadedEditorAssemblies (3ms)
			RefreshPlugins (0ms)
			BeforeProcessingInitializeOnLoad (42ms)
			ProcessInitializeOnLoadAttributes (166ms)
			ProcessInitializeOnLoadMethodAttributes (12ms)
			AfterProcessingInitializeOnLoad (5ms)
			EditorAssembliesLoaded (0ms)
		ExecutionOrderSort2 (0ms)
		AwakeInstancesAfterBackupRestoration (5ms)
Refreshing native plugins compatible for Editor in 3.56 ms, found 3 plugins.
Preloading 0 native plugins for Editor in 0.00 ms.
Unloading 3074 Unused Serialized files (Serialized files now loaded: 0)
Unloading 23 unused Assets / (31.0 KB). Loaded Objects now: 3590.
Memory consumption went from 128.7 MB to 128.7 MB.
Total: 2.071700 ms (FindLiveObjects: 0.190700 ms CreateObjectMapping: 0.055200 ms MarkObjects: 1.790800 ms  DeleteObjects: 0.034400 ms)

Prepare: number of updated asset objects reloaded= 0
AssetImportParameters requested are different than current active one (requested -> active):
  custom:container-demuxer-ogg: 62fdf1f143b41e24485cea50d1cbac27 -> 
  custom:video-codec-MediaFoundation-h265: 746d11721c4dcdbdad8f713fa42b33f4 -> 
  custom:video-decoder-ogg-theora: a1e56fd34408186e4bbccfd4996cb3dc -> 
  custom:framework-win-MediaFoundation: 216162199b28c13a410421893ffa2e32 -> 
  custom:CustomObjectIndexerAttribute: 756ad292c208cfabdd7b50bc23989ffe -> 
  custom:container-demuxer-webm: 4f35f7cbe854078d1ac9338744f61a02 -> 
  custom:container-muxer-webm: aa71ff27fc2769a1b78a27578f13a17b -> 
  custom:video-decoder-webm-vp8: 9c59270c3fd7afecdb556c50c9e8de78 -> 
  custom:SearchIndexIgnoredProperties: e643bd26f0fe6173181afceb89e7c659 -> 
  custom:AudioImporter_EditorPlatform: d09bf68614088b80899f8185d706f6e7 -> 
  custom:video-encoder-webm-vp8: eb34c28f22e8b96e1ab97ce403110664 -> 
  custom:audio-decoder-ogg-vorbis: bf7c407c2cedff20999df2af8eb42d56 -> 
  custom:audio-encoder-webm-vorbis: bf7c407c2cedff20999df2af8eb42d56 -> 
========================================================================
Received Prepare
Begin MonoManager ReloadAssembly
- Loaded All Assemblies, in  0.265 seconds
Refreshing native plugins compatible for Editor in 2.90 ms, found 3 plugins.
Native extension for WindowsStandalone target not found
Native extension for WebGL target not found
[Package Manager] Server::EnsureServerProcessIsRunning -- launch failed, reason: Unity was launched with the -noUpm command-line argument
[Package Manager] UpmClient::Send -- Unable to send message (not connected to UPM process).
[Package Manager] Cannot connect to Unity Package Manager local server
Mono: successfully reloaded assembly
- Finished resetting the current domain, in  0.594 seconds
Domain Reload Profiling: 857ms
	BeginReloadAssembly (98ms)
		ExecutionOrderSort (0ms)
		DisableScriptedObjects (3ms)
		BackupInstance (0ms)
		ReleaseScriptingObjects (0ms)
		CreateAndSetChildDomain (22ms)
	RebuildCommonClasses (18ms)
	RebuildNativeTypeToScriptingClass (6ms)
	initialDomainReloadingComplete (19ms)
	LoadAllAssembliesAndSetupDomain (121ms)
		LoadAssemblies (164ms)
		RebuildTransferFunctionScriptingTraits (0ms)
		AnalyzeDomain (7ms)
			TypeCache.Refresh (3ms)
				TypeCache.ScanAssembly (0ms)
			ScanForSourceGeneratedMonoScriptInfo (0ms)
			ResolveRequiredComponents (3ms)
	FinalizeReload (594ms)
		ReleaseScriptCaches (0ms)
		RebuildScriptCaches (0ms)
		SetupLoadedEditorAssemblies (231ms)
			LogAssemblyErrors (0ms)
			InitializePlatformSupportModulesInManaged (5ms)
			SetLoadedEditorAssemblies (3ms)
			RefreshPlugins (0ms)
			BeforeProcessingInitializeOnLoad (40ms)
			ProcessInitializeOnLoadAttributes (165ms)
			ProcessInitializeOnLoadMethodAttributes (12ms)
			AfterProcessingInitializeOnLoad (5ms)
			EditorAssembliesLoaded (0ms)
		ExecutionOrderSort2 (0ms)
		AwakeInstancesAfterBackupRestoration (5ms)
Refreshing native plugins compatible for Editor in 3.01 ms, found 3 plugins.
Preloading 0 native plugins for Editor in 0.00 ms.
Unloading 3075 Unused Serialized files (Serialized files now loaded: 0)
Unloading 23 unused Assets / (31.0 KB). Loaded Objects now: 3593.
Memory consumption went from 130.9 MB to 130.9 MB.
Total: 2.222100 ms (FindLiveObjects: 0.208700 ms CreateObjectMapping: 0.052900 ms MarkObjects: 1.923000 ms  DeleteObjects: 0.036700 ms)

Prepare: number of updated asset objects reloaded= 0
AssetImportParameters requested are different than current active one (requested -> active):
  custom:container-demuxer-ogg: 62fdf1f143b41e24485cea50d1cbac27 -> 
  custom:video-codec-MediaFoundation-h265: 746d11721c4dcdbdad8f713fa42b33f4 -> 
  custom:video-decoder-ogg-theora: a1e56fd34408186e4bbccfd4996cb3dc -> 
  custom:framework-win-MediaFoundation: 216162199b28c13a410421893ffa2e32 -> 
  custom:CustomObjectIndexerAttribute: 756ad292c208cfabdd7b50bc23989ffe -> 
  custom:container-demuxer-webm: 4f35f7cbe854078d1ac9338744f61a02 -> 
  custom:container-muxer-webm: aa71ff27fc2769a1b78a27578f13a17b -> 
  custom:video-decoder-webm-vp8: 9c59270c3fd7afecdb556c50c9e8de78 -> 
  custom:SearchIndexIgnoredProperties: e643bd26f0fe6173181afceb89e7c659 -> 
  custom:AudioImporter_EditorPlatform: d09bf68614088b80899f8185d706f6e7 -> 
  custom:video-encoder-webm-vp8: eb34c28f22e8b96e1ab97ce403110664 -> 
  custom:audio-decoder-ogg-vorbis: bf7c407c2cedff20999df2af8eb42d56 -> 
  custom:audio-encoder-webm-vorbis: bf7c407c2cedff20999df2af8eb42d56 -> 
========================================================================
Received Import Request.
  Time since last request: 400.304185 seconds.
  path: Assets/Materials/background_mat.mat
  artifactKey: Guid(6f34a83e07d523c468f3f1f87891e29f) Importer(815301076,1909f56bfc062723c751e8b465ee728b)
Start importing Assets/Materials/background_mat.mat using Guid(6f34a83e07d523c468f3f1f87891e29f) Importer(815301076,1909f56bfc062723c751e8b465ee728b)  -> (artifact id: '3a050187f5a74c03a80cc59cdeabfb91') in 0.080003 seconds
Number of updated asset objects reloaded before import = 0
Number of asset objects unloaded after import = 2
========================================================================
Received Import Request.
  Time since last request: 542.484494 seconds.
  path: Assets/Scenes/SampleScene/LightingData.asset
  artifactKey: Guid(22d316ee739c65345904adfe0025f372) Importer(815301076,1909f56bfc062723c751e8b465ee728b)
Start importing Assets/Scenes/SampleScene/LightingData.asset using Guid(22d316ee739c65345904adfe0025f372) Importer(815301076,1909f56bfc062723c751e8b465ee728b)  -> (artifact id: '0b86323c6cc024ce1fa14bdb7c0c360a') in 0.001306 seconds
Number of updated asset objects reloaded before import = 0
Number of asset objects unloaded after import = 2
========================================================================
Received Import Request.
  Time since last request: 3.490654 seconds.
  path: Assets/Scenes/SampleScene/LightingData.asset
  artifactKey: Guid(22d316ee739c65345904adfe0025f372) Importer(815301076,1909f56bfc062723c751e8b465ee728b)
Start importing Assets/Scenes/SampleScene/LightingData.asset using Guid(22d316ee739c65345904adfe0025f372) Importer(815301076,1909f56bfc062723c751e8b465ee728b)  -> (artifact id: 'a53652beaa998a7b90f20374d326bf21') in 0.002107 seconds
Number of updated asset objects reloaded before import = 0
Number of asset objects unloaded after import = 2
========================================================================
Received Import Request.
  Time since last request: 24.434012 seconds.
  path: Assets/Scenes/SampleScene
  artifactKey: Guid(01f3693d38f74024e8f8ccb2bdb811ac) Importer(815301076,1909f56bfc062723c751e8b465ee728b)
Start importing Assets/Scenes/SampleScene using Guid(01f3693d38f74024e8f8ccb2bdb811ac) Importer(815301076,1909f56bfc062723c751e8b465ee728b)  -> (artifact id: 'e0584eba4066f0097289a9248aa7f40e') in 0.000393 seconds
Number of updated asset objects reloaded before import = 0
Number of asset objects unloaded after import = 0
========================================================================
Received Import Request.
  Time since last request: 11.401136 seconds.
  path: Assets/Materials/sun_mat.mat
  artifactKey: Guid(d55bc4dbaf15680419b8ab29d35aebf0) Importer(815301076,1909f56bfc062723c751e8b465ee728b)
Start importing Assets/Materials/sun_mat.mat using Guid(d55bc4dbaf15680419b8ab29d35aebf0) Importer(815301076,1909f56bfc062723c751e8b465ee728b)  -> (artifact id: '2d4f9041a082bfb3ba35573f2b23bcd6') in 0.009170 seconds
Number of updated asset objects reloaded before import = 0
Number of asset objects unloaded after import = 2
========================================================================
Received Import Request.
  Time since last request: 235.473528 seconds.
  path: Assets/Materials/New Lighting Settings.lighting
  artifactKey: Guid(277aafc34bfd3bc4aba4ad05daf42126) Importer(815301076,1909f56bfc062723c751e8b465ee728b)
Start importing Assets/Materials/New Lighting Settings.lighting using Guid(277aafc34bfd3bc4aba4ad05daf42126) Importer(815301076,1909f56bfc062723c751e8b465ee728b)  -> (artifact id: 'a43133098899cb5ea1ff50510963f251') in 0.002149 seconds
Number of updated asset objects reloaded before import = 0
Number of asset objects unloaded after import = 1
