Using pre-set license
Built from '2022.3/staging' branch; Version is '2022.3.13f1 (5f90a5ebde0f) revision 6262949'; Using compiler version '192829333'; Build Type 'Release'
OS: 'Windows 11  (10.0.22621) 64bit Core' Language: 'en' Physical Memory: 64631 MB
BatchMode: 1, IsHumanControllingUs: 0, StartBugReporterOnCrash: 0, Is64bit: 1, IsPro: 1

COMMAND LINE ARGUMENTS:
C:\Program Files\Unity\Hub\Editor\2022.3.13f1\Editor\Unity.exe
-adb2
-batchMode
-noUpm
-name
AssetImportWorker0
-projectPath
C:/Users/bhawl/Documents/Development/Unity/Solar System
-logFile
Logs/AssetImportWorker0.log
-srvPort
52432
Successfully changed project path to: C:/Users/bhawl/Documents/Development/Unity/Solar System
C:/Users/bhawl/Documents/Development/Unity/Solar System
[UnityMemory] Configuration Parameters - Can be set up in boot.config
    "memorysetup-bucket-allocator-granularity=16"
    "memorysetup-bucket-allocator-bucket-count=8"
    "memorysetup-bucket-allocator-block-size=33554432"
    "memorysetup-bucket-allocator-block-count=8"
    "memorysetup-main-allocator-block-size=16777216"
    "memorysetup-thread-allocator-block-size=16777216"
    "memorysetup-gfx-main-allocator-block-size=16777216"
    "memorysetup-gfx-thread-allocator-block-size=16777216"
    "memorysetup-cache-allocator-block-size=4194304"
    "memorysetup-typetree-allocator-block-size=2097152"
    "memorysetup-profiler-bucket-allocator-granularity=16"
    "memorysetup-profiler-bucket-allocator-bucket-count=8"
    "memorysetup-profiler-bucket-allocator-block-size=33554432"
    "memorysetup-profiler-bucket-allocator-block-count=8"
    "memorysetup-profiler-allocator-block-size=16777216"
    "memorysetup-profiler-editor-allocator-block-size=1048576"
    "memorysetup-temp-allocator-size-main=16777216"
    "memorysetup-job-temp-allocator-block-size=2097152"
    "memorysetup-job-temp-allocator-block-size-background=1048576"
    "memorysetup-job-temp-allocator-reduction-small-platforms=262144"
    "memorysetup-allocator-temp-initial-block-size-main=262144"
    "memorysetup-allocator-temp-initial-block-size-worker=262144"
    "memorysetup-temp-allocator-size-background-worker=32768"
    "memorysetup-temp-allocator-size-job-worker=262144"
    "memorysetup-temp-allocator-size-preload-manager=33554432"
    "memorysetup-temp-allocator-size-nav-mesh-worker=65536"
    "memorysetup-temp-allocator-size-audio-worker=65536"
    "memorysetup-temp-allocator-size-cloud-worker=32768"
    "memorysetup-temp-allocator-size-gi-baking-worker=262144"
    "memorysetup-temp-allocator-size-gfx=262144"
Player connection [8628] Host "[IP] 10.0.0.43 [Port] 0 [Flags] 2 [Guid] 3278314332 [EditorId] 3278314332 [Version] 1048832 [Id] WindowsEditor(7,Not_Your_PC) [Debug] 1 [PackageName] WindowsEditor [ProjectName] Editor" joined multi-casting on [225.0.0.222:54997]...

Player connection [8628] Host "[IP] 10.0.0.43 [Port] 0 [Flags] 2 [Guid] 3278314332 [EditorId] 3278314332 [Version] 1048832 [Id] WindowsEditor(7,Not_Your_PC) [Debug] 1 [PackageName] WindowsEditor [ProjectName] Editor" joined alternative multi-casting on [225.0.0.222:34997]...

[Physics::Module] Initialized MultithreadedJobDispatcher with 31 workers.
Refreshing native plugins compatible for Editor in 7.87 ms, found 3 plugins.
Preloading 0 native plugins for Editor in 0.00 ms.
Initialize engine version: 2022.3.13f1 (5f90a5ebde0f)
[Subsystems] Discovering subsystems at path C:/Program Files/Unity/Hub/Editor/2022.3.13f1/Editor/Data/Resources/UnitySubsystems
[Subsystems] Discovering subsystems at path C:/Users/bhawl/Documents/Development/Unity/Solar System/Assets
GfxDevice: creating device client; threaded=0; jobified=0
Direct3D:
    Version:  Direct3D 11.0 [level 11.1]
    Renderer: NVIDIA GeForce RTX 4090 (ID=0x2684)
    Vendor:   NVIDIA
    VRAM:     24156 MB
    Driver:   31.0.15.4617
Initialize mono
Mono path[0] = 'C:/Program Files/Unity/Hub/Editor/2022.3.13f1/Editor/Data/Managed'
Mono path[1] = 'C:/Program Files/Unity/Hub/Editor/2022.3.13f1/Editor/Data/MonoBleedingEdge/lib/mono/unityjit-win32'
Mono config path = 'C:/Program Files/Unity/Hub/Editor/2022.3.13f1/Editor/Data/MonoBleedingEdge/etc'
Using monoOptions --debugger-agent=transport=dt_socket,embedding=1,server=y,suspend=n,address=127.0.0.1:56176
Begin MonoManager ReloadAssembly
Registering precompiled unity dll's ...
Register platform support module: C:/Program Files/Unity/Hub/Editor/2022.3.13f1/Editor/Data/PlaybackEngines/WebGLSupport/UnityEditor.WebGL.Extensions.dll
Register platform support module: C:/Program Files/Unity/Hub/Editor/2022.3.13f1/Editor/Data/PlaybackEngines/WindowsStandaloneSupport/UnityEditor.WindowsStandalone.Extensions.dll
Registered in 0.005716 seconds.
- Loaded All Assemblies, in  0.442 seconds
Native extension for WindowsStandalone target not found
Native extension for WebGL target not found
Mono: successfully reloaded assembly
- Finished resetting the current domain, in  0.172 seconds
Domain Reload Profiling: 612ms
	BeginReloadAssembly (195ms)
		ExecutionOrderSort (0ms)
		DisableScriptedObjects (0ms)
		BackupInstance (0ms)
		ReleaseScriptingObjects (0ms)
		CreateAndSetChildDomain (1ms)
	RebuildCommonClasses (32ms)
	RebuildNativeTypeToScriptingClass (7ms)
	initialDomainReloadingComplete (50ms)
	LoadAllAssembliesAndSetupDomain (156ms)
		LoadAssemblies (195ms)
		RebuildTransferFunctionScriptingTraits (0ms)
		AnalyzeDomain (152ms)
			TypeCache.Refresh (151ms)
				TypeCache.ScanAssembly (133ms)
			ScanForSourceGeneratedMonoScriptInfo (0ms)
			ResolveRequiredComponents (0ms)
	FinalizeReload (172ms)
		ReleaseScriptCaches (0ms)
		RebuildScriptCaches (0ms)
		SetupLoadedEditorAssemblies (136ms)
			LogAssemblyErrors (0ms)
			InitializePlatformSupportModulesInManaged (6ms)
			SetLoadedEditorAssemblies (3ms)
			RefreshPlugins (0ms)
			BeforeProcessingInitializeOnLoad (1ms)
			ProcessInitializeOnLoadAttributes (87ms)
			ProcessInitializeOnLoadMethodAttributes (38ms)
			AfterProcessingInitializeOnLoad (0ms)
			EditorAssembliesLoaded (0ms)
		ExecutionOrderSort2 (0ms)
		AwakeInstancesAfterBackupRestoration (0ms)
========================================================================
Worker process is ready to serve import requests
Begin MonoManager ReloadAssembly
- Loaded All Assemblies, in  0.589 seconds
Refreshing native plugins compatible for Editor in 2.16 ms, found 3 plugins.
Native extension for WindowsStandalone target not found
Native extension for WebGL target not found
Package Manager log level set to [2]
[Package Manager] Server::EnsureServerProcessIsRunning -- launch failed, reason: Unity was launched with the -noUpm command-line argument
[Package Manager] UpmClient::Send -- Unable to send message (not connected to UPM process).
[Package Manager] Cannot connect to Unity Package Manager local server
Mono: successfully reloaded assembly
- Finished resetting the current domain, in  0.315 seconds
Domain Reload Profiling: 902ms
	BeginReloadAssembly (135ms)
		ExecutionOrderSort (0ms)
		DisableScriptedObjects (4ms)
		BackupInstance (0ms)
		ReleaseScriptingObjects (0ms)
		CreateAndSetChildDomain (16ms)
	RebuildCommonClasses (20ms)
	RebuildNativeTypeToScriptingClass (6ms)
	initialDomainReloadingComplete (28ms)
	LoadAllAssembliesAndSetupDomain (398ms)
		LoadAssemblies (352ms)
		RebuildTransferFunctionScriptingTraits (0ms)
		AnalyzeDomain (129ms)
			TypeCache.Refresh (113ms)
				TypeCache.ScanAssembly (100ms)
			ScanForSourceGeneratedMonoScriptInfo (13ms)
			ResolveRequiredComponents (2ms)
	FinalizeReload (315ms)
		ReleaseScriptCaches (0ms)
		RebuildScriptCaches (0ms)
		SetupLoadedEditorAssemblies (231ms)
			LogAssemblyErrors (0ms)
			InitializePlatformSupportModulesInManaged (5ms)
			SetLoadedEditorAssemblies (3ms)
			RefreshPlugins (0ms)
			BeforeProcessingInitializeOnLoad (34ms)
			ProcessInitializeOnLoadAttributes (171ms)
			ProcessInitializeOnLoadMethodAttributes (13ms)
			AfterProcessingInitializeOnLoad (5ms)
			EditorAssembliesLoaded (0ms)
		ExecutionOrderSort2 (0ms)
		AwakeInstancesAfterBackupRestoration (4ms)
Launched and connected shader compiler UnityShaderCompiler.exe after 0.06 seconds
Refreshing native plugins compatible for Editor in 2.40 ms, found 3 plugins.
Preloading 0 native plugins for Editor in 0.00 ms.
Unloading 3082 Unused Serialized files (Serialized files now loaded: 0)
Unloading 32 unused Assets / (57.1 KB). Loaded Objects now: 3543.
Memory consumption went from 123.0 MB to 123.0 MB.
Total: 2.188900 ms (FindLiveObjects: 0.182400 ms CreateObjectMapping: 0.039600 ms MarkObjects: 1.897100 ms  DeleteObjects: 0.069000 ms)

AssetImportParameters requested are different than current active one (requested -> active):
  custom:container-demuxer-ogg: 62fdf1f143b41e24485cea50d1cbac27 -> 
  custom:video-codec-MediaFoundation-h265: 746d11721c4dcdbdad8f713fa42b33f4 -> 
  custom:video-decoder-ogg-theora: a1e56fd34408186e4bbccfd4996cb3dc -> 
  custom:framework-win-MediaFoundation: 216162199b28c13a410421893ffa2e32 -> 
  custom:CustomObjectIndexerAttribute: 756ad292c208cfabdd7b50bc23989ffe -> 
  custom:container-demuxer-webm: 4f35f7cbe854078d1ac9338744f61a02 -> 
  custom:container-muxer-webm: aa71ff27fc2769a1b78a27578f13a17b -> 
  custom:video-decoder-webm-vp8: 9c59270c3fd7afecdb556c50c9e8de78 -> 
  custom:SearchIndexIgnoredProperties: e643bd26f0fe6173181afceb89e7c659 -> 
  custom:AudioImporter_EditorPlatform: d09bf68614088b80899f8185d706f6e7 -> 
  custom:video-encoder-webm-vp8: eb34c28f22e8b96e1ab97ce403110664 -> 
  custom:audio-decoder-ogg-vorbis: bf7c407c2cedff20999df2af8eb42d56 -> 
  custom:audio-encoder-webm-vorbis: bf7c407c2cedff20999df2af8eb42d56 -> 
========================================================================
Received Import Request.
  Time since last request: 3945.801718 seconds.
  path: Assets/Textures/earth_texture.jpg
  artifactKey: Guid(67dde92146572634c8a49029291f1e72) Importer(815301076,1909f56bfc062723c751e8b465ee728b)
Start importing Assets/Textures/earth_texture.jpg using Guid(67dde92146572634c8a49029291f1e72) Importer(815301076,1909f56bfc062723c751e8b465ee728b)  -> (artifact id: '74accccc5b2245d4bf4bb495bf5e0531') in 0.042112 seconds
Number of updated asset objects reloaded before import = 0
Number of asset objects unloaded after import = 2
========================================================================
Received Import Request.
  Time since last request: 9.556205 seconds.
  path: Assets/Textures/venus_texture.jpg
  artifactKey: Guid(c798c64a20ecbff4b86bbc284b3b0606) Importer(815301076,1909f56bfc062723c751e8b465ee728b)
Start importing Assets/Textures/venus_texture.jpg using Guid(c798c64a20ecbff4b86bbc284b3b0606) Importer(815301076,1909f56bfc062723c751e8b465ee728b)  -> (artifact id: 'dcedd2531db433eb427f5b4c9880c40a') in 0.019105 seconds
Number of updated asset objects reloaded before import = 0
Number of asset objects unloaded after import = 2
========================================================================
Received Import Request.
  Time since last request: 956.185753 seconds.
  path: Assets/Textures/mars_texture.jpg
  artifactKey: Guid(a1b25412e591fd741b7c75f8d308c096) Importer(815301076,1909f56bfc062723c751e8b465ee728b)
Start importing Assets/Textures/mars_texture.jpg using Guid(a1b25412e591fd741b7c75f8d308c096) Importer(815301076,1909f56bfc062723c751e8b465ee728b)  -> (artifact id: '201f9eb14003896ea8f8f3361f928471') in 0.015953 seconds
Number of updated asset objects reloaded before import = 0
Number of asset objects unloaded after import = 2
========================================================================
Received Import Request.
  Time since last request: 4.458173 seconds.
  path: Assets/Textures/moon_texture.jpg
  artifactKey: Guid(2e033826df816914a9c185ffcfeee876) Importer(815301076,1909f56bfc062723c751e8b465ee728b)
Start importing Assets/Textures/moon_texture.jpg using Guid(2e033826df816914a9c185ffcfeee876) Importer(815301076,1909f56bfc062723c751e8b465ee728b)  -> (artifact id: '3b0bb2ed18dec476b9ad7e08a10d32a1') in 0.017438 seconds
Number of updated asset objects reloaded before import = 0
Number of asset objects unloaded after import = 2
========================================================================
Received Import Request.
  Time since last request: 3.722121 seconds.
  path: Assets/Textures/mercury_texture.jpg
  artifactKey: Guid(c96607efba8d0b94994301812a1efda6) Importer(815301076,1909f56bfc062723c751e8b465ee728b)
Start importing Assets/Textures/mercury_texture.jpg using Guid(c96607efba8d0b94994301812a1efda6) Importer(815301076,1909f56bfc062723c751e8b465ee728b)  -> (artifact id: '7601684b44eac5906d3d68e3d552c595') in 0.012021 seconds
Number of updated asset objects reloaded before import = 0
Number of asset objects unloaded after import = 2
========================================================================
Received Import Request.
  Time since last request: 5.268299 seconds.
  path: Assets/Textures/jupiter_texture.jpg
  artifactKey: Guid(21ee2901b89d3de4497e24c1053f171e) Importer(815301076,1909f56bfc062723c751e8b465ee728b)
Start importing Assets/Textures/jupiter_texture.jpg using Guid(21ee2901b89d3de4497e24c1053f171e) Importer(815301076,1909f56bfc062723c751e8b465ee728b)  -> (artifact id: 'dae05e188a37be05d0cba2c8e0b19062') in 0.010915 seconds
Number of updated asset objects reloaded before import = 0
Number of asset objects unloaded after import = 2
========================================================================
Received Import Request.
  Time since last request: 91.331765 seconds.
  path: Assets/Textures/mercury_texture.jpg
  artifactKey: Guid(c96607efba8d0b94994301812a1efda6) Importer(815301076,1909f56bfc062723c751e8b465ee728b)
Start importing Assets/Textures/mercury_texture.jpg using Guid(c96607efba8d0b94994301812a1efda6) Importer(815301076,1909f56bfc062723c751e8b465ee728b)  -> (artifact id: 'e946d08e3c4d6ad445fdbfffa9cd5bf3') in 0.011808 seconds
Number of updated asset objects reloaded before import = 0
Number of asset objects unloaded after import = 2
========================================================================
Received Import Request.
  Time since last request: 3.645203 seconds.
  path: Assets/Textures/mars_texture.jpg
  artifactKey: Guid(a1b25412e591fd741b7c75f8d308c096) Importer(815301076,1909f56bfc062723c751e8b465ee728b)
Start importing Assets/Textures/mars_texture.jpg using Guid(a1b25412e591fd741b7c75f8d308c096) Importer(815301076,1909f56bfc062723c751e8b465ee728b)  -> (artifact id: 'a5929ad6a8dc75b4498ce48d16ce9290') in 0.011381 seconds
Number of updated asset objects reloaded before import = 0
Number of asset objects unloaded after import = 2
========================================================================
Received Import Request.
  Time since last request: 1228.222729 seconds.
  path: Assets/Textures/neptune_texture.jpg
  artifactKey: Guid(87321278b6e0af3458b59f825aa8ac71) Importer(815301076,1909f56bfc062723c751e8b465ee728b)
Start importing Assets/Textures/neptune_texture.jpg using Guid(87321278b6e0af3458b59f825aa8ac71) Importer(815301076,1909f56bfc062723c751e8b465ee728b)  -> (artifact id: '192aec0929c9aeeccb45212ced68ab17') in 0.011215 seconds
Number of updated asset objects reloaded before import = 0
Number of asset objects unloaded after import = 2
========================================================================
Received Import Request.
  Time since last request: 5.847283 seconds.
  path: Assets/Textures/pluto_texture.jpg
  artifactKey: Guid(ac10b18326007354aaafd461a5b320e4) Importer(815301076,1909f56bfc062723c751e8b465ee728b)
Start importing Assets/Textures/pluto_texture.jpg using Guid(ac10b18326007354aaafd461a5b320e4) Importer(815301076,1909f56bfc062723c751e8b465ee728b)  -> (artifact id: 'be9eb9720d2c7a269b24052ac56924a4') in 0.011867 seconds
Number of updated asset objects reloaded before import = 0
Number of asset objects unloaded after import = 2
========================================================================
Received Import Request.
  Time since last request: 4.342257 seconds.
  path: Assets/Textures/saturn_texture.jpg
  artifactKey: Guid(9444d6c114af3dc49b40a00b94c0c30d) Importer(815301076,1909f56bfc062723c751e8b465ee728b)
Start importing Assets/Textures/saturn_texture.jpg using Guid(9444d6c114af3dc49b40a00b94c0c30d) Importer(815301076,1909f56bfc062723c751e8b465ee728b)  -> (artifact id: 'e0772b7182ea9483071933631a38b65f') in 0.013527 seconds
Number of updated asset objects reloaded before import = 0
Number of asset objects unloaded after import = 2
========================================================================
Received Import Request.
  Time since last request: 3.417077 seconds.
  path: Assets/Textures/saturn_ring_texture.jpg
  artifactKey: Guid(4d4577319189c2f448264ca27740ace6) Importer(815301076,1909f56bfc062723c751e8b465ee728b)
Start importing Assets/Textures/saturn_ring_texture.jpg using Guid(4d4577319189c2f448264ca27740ace6) Importer(815301076,1909f56bfc062723c751e8b465ee728b)  -> (artifact id: 'bec5a762b4b3607ca068e48dca7794c0') in 0.010667 seconds
Number of updated asset objects reloaded before import = 0
Number of asset objects unloaded after import = 2
========================================================================
Received Import Request.
  Time since last request: 5.169151 seconds.
  path: Assets/Textures/uranus_texture.png
  artifactKey: Guid(1f366fd572d60b84ba0a0005530428ee) Importer(815301076,1909f56bfc062723c751e8b465ee728b)
Start importing Assets/Textures/uranus_texture.png using Guid(1f366fd572d60b84ba0a0005530428ee) Importer(815301076,1909f56bfc062723c751e8b465ee728b)  -> (artifact id: 'e0c7d1e19f003e9121f105a42f4cd5c9') in 0.010440 seconds
Number of updated asset objects reloaded before import = 0
Number of asset objects unloaded after import = 2
========================================================================
Received Prepare
Begin MonoManager ReloadAssembly
- Loaded All Assemblies, in  0.264 seconds
Refreshing native plugins compatible for Editor in 2.51 ms, found 3 plugins.
Native extension for WindowsStandalone target not found
Native extension for WebGL target not found
[Package Manager] Server::EnsureServerProcessIsRunning -- launch failed, reason: Unity was launched with the -noUpm command-line argument
[Package Manager] UpmClient::Send -- Unable to send message (not connected to UPM process).
[Package Manager] Cannot connect to Unity Package Manager local server
Mono: successfully reloaded assembly
- Finished resetting the current domain, in  0.635 seconds
Domain Reload Profiling: 896ms
	BeginReloadAssembly (98ms)
		ExecutionOrderSort (0ms)
		DisableScriptedObjects (3ms)
		BackupInstance (0ms)
		ReleaseScriptingObjects (0ms)
		CreateAndSetChildDomain (22ms)
	RebuildCommonClasses (17ms)
	RebuildNativeTypeToScriptingClass (7ms)
	initialDomainReloadingComplete (19ms)
	LoadAllAssembliesAndSetupDomain (121ms)
		LoadAssemblies (164ms)
		RebuildTransferFunctionScriptingTraits (0ms)
		AnalyzeDomain (6ms)
			TypeCache.Refresh (3ms)
				TypeCache.ScanAssembly (0ms)
			ScanForSourceGeneratedMonoScriptInfo (0ms)
			ResolveRequiredComponents (2ms)
	FinalizeReload (635ms)
		ReleaseScriptCaches (0ms)
		RebuildScriptCaches (0ms)
		SetupLoadedEditorAssemblies (242ms)
			LogAssemblyErrors (0ms)
			InitializePlatformSupportModulesInManaged (6ms)
			SetLoadedEditorAssemblies (3ms)
			RefreshPlugins (0ms)
			BeforeProcessingInitializeOnLoad (44ms)
			ProcessInitializeOnLoadAttributes (171ms)
			ProcessInitializeOnLoadMethodAttributes (12ms)
			AfterProcessingInitializeOnLoad (7ms)
			EditorAssembliesLoaded (0ms)
		ExecutionOrderSort2 (0ms)
		AwakeInstancesAfterBackupRestoration (6ms)
Refreshing native plugins compatible for Editor in 2.46 ms, found 3 plugins.
Preloading 0 native plugins for Editor in 0.00 ms.
Unloading 3074 Unused Serialized files (Serialized files now loaded: 0)
Unloading 23 unused Assets / (31.1 KB). Loaded Objects now: 3550.
Memory consumption went from 123.8 MB to 123.8 MB.
Total: 2.190100 ms (FindLiveObjects: 0.177400 ms CreateObjectMapping: 0.038500 ms MarkObjects: 1.911300 ms  DeleteObjects: 0.061300 ms)

Prepare: number of updated asset objects reloaded= 0
AssetImportParameters requested are different than current active one (requested -> active):
  custom:container-demuxer-ogg: 62fdf1f143b41e24485cea50d1cbac27 -> 
  custom:video-codec-MediaFoundation-h265: 746d11721c4dcdbdad8f713fa42b33f4 -> 
  custom:video-decoder-ogg-theora: a1e56fd34408186e4bbccfd4996cb3dc -> 
  custom:framework-win-MediaFoundation: 216162199b28c13a410421893ffa2e32 -> 
  custom:CustomObjectIndexerAttribute: 756ad292c208cfabdd7b50bc23989ffe -> 
  custom:container-demuxer-webm: 4f35f7cbe854078d1ac9338744f61a02 -> 
  custom:container-muxer-webm: aa71ff27fc2769a1b78a27578f13a17b -> 
  custom:video-decoder-webm-vp8: 9c59270c3fd7afecdb556c50c9e8de78 -> 
  custom:SearchIndexIgnoredProperties: e643bd26f0fe6173181afceb89e7c659 -> 
  custom:AudioImporter_EditorPlatform: d09bf68614088b80899f8185d706f6e7 -> 
  custom:video-encoder-webm-vp8: eb34c28f22e8b96e1ab97ce403110664 -> 
  custom:audio-decoder-ogg-vorbis: bf7c407c2cedff20999df2af8eb42d56 -> 
  custom:audio-encoder-webm-vorbis: bf7c407c2cedff20999df2af8eb42d56 -> 
========================================================================
Received Prepare
Begin MonoManager ReloadAssembly
- Loaded All Assemblies, in  0.256 seconds
Refreshing native plugins compatible for Editor in 2.78 ms, found 3 plugins.
Native extension for WindowsStandalone target not found
Native extension for WebGL target not found
[Package Manager] Server::EnsureServerProcessIsRunning -- launch failed, reason: Unity was launched with the -noUpm command-line argument
[Package Manager] UpmClient::Send -- Unable to send message (not connected to UPM process).
[Package Manager] Cannot connect to Unity Package Manager local server
Mono: successfully reloaded assembly
- Finished resetting the current domain, in  0.607 seconds
Domain Reload Profiling: 862ms
	BeginReloadAssembly (97ms)
		ExecutionOrderSort (0ms)
		DisableScriptedObjects (3ms)
		BackupInstance (0ms)
		ReleaseScriptingObjects (0ms)
		CreateAndSetChildDomain (21ms)
	RebuildCommonClasses (17ms)
	RebuildNativeTypeToScriptingClass (6ms)
	initialDomainReloadingComplete (18ms)
	LoadAllAssembliesAndSetupDomain (116ms)
		LoadAssemblies (159ms)
		RebuildTransferFunctionScriptingTraits (0ms)
		AnalyzeDomain (6ms)
			TypeCache.Refresh (3ms)
				TypeCache.ScanAssembly (0ms)
			ScanForSourceGeneratedMonoScriptInfo (0ms)
			ResolveRequiredComponents (2ms)
	FinalizeReload (607ms)
		ReleaseScriptCaches (0ms)
		RebuildScriptCaches (0ms)
		SetupLoadedEditorAssemblies (239ms)
			LogAssemblyErrors (0ms)
			InitializePlatformSupportModulesInManaged (7ms)
			SetLoadedEditorAssemblies (3ms)
			RefreshPlugins (0ms)
			BeforeProcessingInitializeOnLoad (42ms)
			ProcessInitializeOnLoadAttributes (169ms)
			ProcessInitializeOnLoadMethodAttributes (12ms)
			AfterProcessingInitializeOnLoad (6ms)
			EditorAssembliesLoaded (0ms)
		ExecutionOrderSort2 (0ms)
		AwakeInstancesAfterBackupRestoration (5ms)
Refreshing native plugins compatible for Editor in 2.51 ms, found 3 plugins.
Preloading 0 native plugins for Editor in 0.00 ms.
Unloading 3075 Unused Serialized files (Serialized files now loaded: 0)
Unloading 23 unused Assets / (31.0 KB). Loaded Objects now: 3553.
Memory consumption went from 126.0 MB to 126.0 MB.
Total: 2.007000 ms (FindLiveObjects: 0.193900 ms CreateObjectMapping: 0.057900 ms MarkObjects: 1.721600 ms  DeleteObjects: 0.033100 ms)

Prepare: number of updated asset objects reloaded= 0
AssetImportParameters requested are different than current active one (requested -> active):
  custom:container-demuxer-ogg: 62fdf1f143b41e24485cea50d1cbac27 -> 
  custom:video-codec-MediaFoundation-h265: 746d11721c4dcdbdad8f713fa42b33f4 -> 
  custom:video-decoder-ogg-theora: a1e56fd34408186e4bbccfd4996cb3dc -> 
  custom:framework-win-MediaFoundation: 216162199b28c13a410421893ffa2e32 -> 
  custom:CustomObjectIndexerAttribute: 756ad292c208cfabdd7b50bc23989ffe -> 
  custom:container-demuxer-webm: 4f35f7cbe854078d1ac9338744f61a02 -> 
  custom:container-muxer-webm: aa71ff27fc2769a1b78a27578f13a17b -> 
  custom:video-decoder-webm-vp8: 9c59270c3fd7afecdb556c50c9e8de78 -> 
  custom:SearchIndexIgnoredProperties: e643bd26f0fe6173181afceb89e7c659 -> 
  custom:AudioImporter_EditorPlatform: d09bf68614088b80899f8185d706f6e7 -> 
  custom:video-encoder-webm-vp8: eb34c28f22e8b96e1ab97ce403110664 -> 
  custom:audio-decoder-ogg-vorbis: bf7c407c2cedff20999df2af8eb42d56 -> 
  custom:audio-encoder-webm-vorbis: bf7c407c2cedff20999df2af8eb42d56 -> 
========================================================================
Received Prepare
Begin MonoManager ReloadAssembly
- Loaded All Assemblies, in  0.258 seconds
Refreshing native plugins compatible for Editor in 2.87 ms, found 3 plugins.
Native extension for WindowsStandalone target not found
Native extension for WebGL target not found
[Package Manager] Server::EnsureServerProcessIsRunning -- launch failed, reason: Unity was launched with the -noUpm command-line argument
[Package Manager] UpmClient::Send -- Unable to send message (not connected to UPM process).
[Package Manager] Cannot connect to Unity Package Manager local server
Mono: successfully reloaded assembly
- Finished resetting the current domain, in  0.613 seconds
Domain Reload Profiling: 870ms
	BeginReloadAssembly (96ms)
		ExecutionOrderSort (0ms)
		DisableScriptedObjects (3ms)
		BackupInstance (0ms)
		ReleaseScriptingObjects (0ms)
		CreateAndSetChildDomain (22ms)
	RebuildCommonClasses (18ms)
	RebuildNativeTypeToScriptingClass (6ms)
	initialDomainReloadingComplete (18ms)
	LoadAllAssembliesAndSetupDomain (117ms)
		LoadAssemblies (159ms)
		RebuildTransferFunctionScriptingTraits (0ms)
		AnalyzeDomain (6ms)
			TypeCache.Refresh (3ms)
				TypeCache.ScanAssembly (0ms)
			ScanForSourceGeneratedMonoScriptInfo (0ms)
			ResolveRequiredComponents (2ms)
	FinalizeReload (614ms)
		ReleaseScriptCaches (0ms)
		RebuildScriptCaches (0ms)
		SetupLoadedEditorAssemblies (244ms)
			LogAssemblyErrors (0ms)
			InitializePlatformSupportModulesInManaged (5ms)
			SetLoadedEditorAssemblies (3ms)
			RefreshPlugins (0ms)
			BeforeProcessingInitializeOnLoad (41ms)
			ProcessInitializeOnLoadAttributes (177ms)
			ProcessInitializeOnLoadMethodAttributes (13ms)
			AfterProcessingInitializeOnLoad (5ms)
			EditorAssembliesLoaded (0ms)
		ExecutionOrderSort2 (0ms)
		AwakeInstancesAfterBackupRestoration (5ms)
Refreshing native plugins compatible for Editor in 2.38 ms, found 3 plugins.
Preloading 0 native plugins for Editor in 0.00 ms.
Unloading 3075 Unused Serialized files (Serialized files now loaded: 0)
Unloading 23 unused Assets / (31.0 KB). Loaded Objects now: 3556.
Memory consumption went from 128.0 MB to 127.9 MB.
Total: 2.530700 ms (FindLiveObjects: 0.329100 ms CreateObjectMapping: 0.144700 ms MarkObjects: 2.021500 ms  DeleteObjects: 0.034800 ms)

Prepare: number of updated asset objects reloaded= 0
AssetImportParameters requested are different than current active one (requested -> active):
  custom:container-demuxer-ogg: 62fdf1f143b41e24485cea50d1cbac27 -> 
  custom:video-codec-MediaFoundation-h265: 746d11721c4dcdbdad8f713fa42b33f4 -> 
  custom:video-decoder-ogg-theora: a1e56fd34408186e4bbccfd4996cb3dc -> 
  custom:framework-win-MediaFoundation: 216162199b28c13a410421893ffa2e32 -> 
  custom:CustomObjectIndexerAttribute: 756ad292c208cfabdd7b50bc23989ffe -> 
  custom:container-demuxer-webm: 4f35f7cbe854078d1ac9338744f61a02 -> 
  custom:container-muxer-webm: aa71ff27fc2769a1b78a27578f13a17b -> 
  custom:video-decoder-webm-vp8: 9c59270c3fd7afecdb556c50c9e8de78 -> 
  custom:SearchIndexIgnoredProperties: e643bd26f0fe6173181afceb89e7c659 -> 
  custom:AudioImporter_EditorPlatform: d09bf68614088b80899f8185d706f6e7 -> 
  custom:video-encoder-webm-vp8: eb34c28f22e8b96e1ab97ce403110664 -> 
  custom:audio-decoder-ogg-vorbis: bf7c407c2cedff20999df2af8eb42d56 -> 
  custom:audio-encoder-webm-vorbis: bf7c407c2cedff20999df2af8eb42d56 -> 
========================================================================
Received Import Request.
  Time since last request: 791.741288 seconds.
  path: Assets/Textures/solar_galaxy.jpg
  artifactKey: Guid(633ad671eb7d5a14b8ec0efe0b6f2b25) Importer(815301076,1909f56bfc062723c751e8b465ee728b)
Start importing Assets/Textures/solar_galaxy.jpg using Guid(633ad671eb7d5a14b8ec0efe0b6f2b25) Importer(815301076,1909f56bfc062723c751e8b465ee728b)  -> (artifact id: '3d258b1f6614c6c6419a483f57e77bf0') in 0.031435 seconds
Number of updated asset objects reloaded before import = 0
Number of asset objects unloaded after import = 2
========================================================================
Received Import Request.
  Time since last request: 49.265006 seconds.
  path: Assets/Materials 1
  artifactKey: Guid(e1577f24a2a8d104a95d32169beb25eb) Importer(815301076,1909f56bfc062723c751e8b465ee728b)
Start importing Assets/Materials 1 using Guid(e1577f24a2a8d104a95d32169beb25eb) Importer(815301076,1909f56bfc062723c751e8b465ee728b)  -> (artifact id: '2ae1bfac89dbdd5911b6fa84ea713995') in 0.001464 seconds
Number of updated asset objects reloaded before import = 0
Number of asset objects unloaded after import = 0
========================================================================
Received Import Request.
  Time since last request: 24.878071 seconds.
  path: Assets/Materials 1/Background_Material.mat
  artifactKey: Guid(445ed05fac93a194da6386636f8a79d6) Importer(815301076,1909f56bfc062723c751e8b465ee728b)
Start importing Assets/Materials 1/Background_Material.mat using Guid(445ed05fac93a194da6386636f8a79d6) Importer(815301076,1909f56bfc062723c751e8b465ee728b)  -> (artifact id: 'e5b17a010e6917ed5cb67d9020ea13f0') in 0.094140 seconds
Number of updated asset objects reloaded before import = 0
Number of asset objects unloaded after import = 1
========================================================================
Received Import Request.
  Time since last request: 291.211264 seconds.
  path: Assets/Materials 1/Space_Background_Mat.mat
  artifactKey: Guid(10a84e3c1ce8abe49b20990d3107e92d) Importer(815301076,1909f56bfc062723c751e8b465ee728b)
Start importing Assets/Materials 1/Space_Background_Mat.mat using Guid(10a84e3c1ce8abe49b20990d3107e92d) Importer(815301076,1909f56bfc062723c751e8b465ee728b)  -> (artifact id: '0e5c5f448f2852eb52f47e365d08d0ce') in 0.008971 seconds
Number of updated asset objects reloaded before import = 0
Number of asset objects unloaded after import = 1
========================================================================
Received Import Request.
  Time since last request: 113.848712 seconds.
  path: Assets/Materials
  artifactKey: Guid(b404775a8161dcd4bb8be3bad3ccf095) Importer(815301076,1909f56bfc062723c751e8b465ee728b)
Start importing Assets/Materials using Guid(b404775a8161dcd4bb8be3bad3ccf095) Importer(815301076,1909f56bfc062723c751e8b465ee728b)  -> (artifact id: '769cec154cdc560f1db41487564aa83f') in 0.000412 seconds
Number of updated asset objects reloaded before import = 0
Number of asset objects unloaded after import = 0
========================================================================
Received Import Request.
  Time since last request: 0.046812 seconds.
  path: Assets/Materials/earth_texture.mat
  artifactKey: Guid(62f087c1112e0224ba7aba5e75256240) Importer(815301076,1909f56bfc062723c751e8b465ee728b)
Start importing Assets/Materials/earth_texture.mat using Guid(62f087c1112e0224ba7aba5e75256240) Importer(815301076,1909f56bfc062723c751e8b465ee728b)  -> (artifact id: '25ed482deb92c41617fa3caeaec274f8') in 0.006723 seconds
Number of updated asset objects reloaded before import = 0
Number of asset objects unloaded after import = 2
========================================================================
Received Import Request.
  Time since last request: 0.009901 seconds.
  path: Assets/Materials/mars_texture.mat
  artifactKey: Guid(ba9329817ec8a714db0a9671dd425594) Importer(815301076,1909f56bfc062723c751e8b465ee728b)
Start importing Assets/Materials/mars_texture.mat using Guid(ba9329817ec8a714db0a9671dd425594) Importer(815301076,1909f56bfc062723c751e8b465ee728b)  -> (artifact id: 'ded2dea3404d86160832abd1f73b0a1d') in 0.005932 seconds
Number of updated asset objects reloaded before import = 0
Number of asset objects unloaded after import = 2
========================================================================
Received Import Request.
  Time since last request: 0.003179 seconds.
  path: Assets/Materials/pluto_texture.mat
  artifactKey: Guid(3fdbe817883271248b3b8c67329f15e4) Importer(815301076,1909f56bfc062723c751e8b465ee728b)
Start importing Assets/Materials/pluto_texture.mat using Guid(3fdbe817883271248b3b8c67329f15e4) Importer(815301076,1909f56bfc062723c751e8b465ee728b)  -> (artifact id: 'b89dab9d154e766de1ccbb3b066978b4') in 0.004877 seconds
Number of updated asset objects reloaded before import = 0
Number of asset objects unloaded after import = 2
========================================================================
Received Import Request.
  Time since last request: 0.004313 seconds.
  path: Assets/Materials/saturn_texture.mat
  artifactKey: Guid(226979bfcc99e2c4fa67023eb626a245) Importer(815301076,1909f56bfc062723c751e8b465ee728b)
Start importing Assets/Materials/saturn_texture.mat using Guid(226979bfcc99e2c4fa67023eb626a245) Importer(815301076,1909f56bfc062723c751e8b465ee728b)  -> (artifact id: '9f5c85a555a42f08c41b028ba28bf163') in 0.011278 seconds
Number of updated asset objects reloaded before import = 0
Number of asset objects unloaded after import = 2
========================================================================
Received Import Request.
  Time since last request: 0.000024 seconds.
  path: Assets/Materials/venus_texture.mat
  artifactKey: Guid(8a6f66614ac4df7428b0e3da10937525) Importer(815301076,1909f56bfc062723c751e8b465ee728b)
Start importing Assets/Materials/venus_texture.mat using Guid(8a6f66614ac4df7428b0e3da10937525) Importer(815301076,1909f56bfc062723c751e8b465ee728b)  -> (artifact id: 'f7d8eb762699161d6888539a3f983e86') in 0.005431 seconds
Number of updated asset objects reloaded before import = 0
Number of asset objects unloaded after import = 2
========================================================================
Received Import Request.
  Time since last request: 0.000011 seconds.
  path: Assets/Materials/neptune_texture.mat
  artifactKey: Guid(a58cd25723225e54e8e3ad32ee6ad642) Importer(815301076,1909f56bfc062723c751e8b465ee728b)
Start importing Assets/Materials/neptune_texture.mat using Guid(a58cd25723225e54e8e3ad32ee6ad642) Importer(815301076,1909f56bfc062723c751e8b465ee728b)  -> (artifact id: 'a378355c9dd30c4c026a897926b67f56') in 0.011018 seconds
Number of updated asset objects reloaded before import = 0
Number of asset objects unloaded after import = 2
========================================================================
Received Import Request.
  Time since last request: 0.000011 seconds.
  path: Assets/Materials/mercury_texture.mat
  artifactKey: Guid(c7ee3e21df4e88a45bd9ac66dcbfd20f) Importer(815301076,1909f56bfc062723c751e8b465ee728b)
Start importing Assets/Materials/mercury_texture.mat using Guid(c7ee3e21df4e88a45bd9ac66dcbfd20f) Importer(815301076,1909f56bfc062723c751e8b465ee728b)  -> (artifact id: 'c13ccab71dbe9c756278a4fefe8c0e4b') in 0.005773 seconds
Number of updated asset objects reloaded before import = 0
Number of asset objects unloaded after import = 2
========================================================================
Received Import Request.
  Time since last request: 0.000010 seconds.
  path: Assets/Materials/saturn_ring_texture.mat
  artifactKey: Guid(dc2cddccb7306b44e85a699e5ea73a94) Importer(815301076,1909f56bfc062723c751e8b465ee728b)
Start importing Assets/Materials/saturn_ring_texture.mat using Guid(dc2cddccb7306b44e85a699e5ea73a94) Importer(815301076,1909f56bfc062723c751e8b465ee728b)  -> (artifact id: '87196c2b91e87af31ea171e4e1b7e060') in 0.004877 seconds
Number of updated asset objects reloaded before import = 0
Number of asset objects unloaded after import = 2
========================================================================
Received Import Request.
  Time since last request: 0.000034 seconds.
  path: Assets/Materials/sun_texture.mat
  artifactKey: Guid(d55bc4dbaf15680419b8ab29d35aebf0) Importer(815301076,1909f56bfc062723c751e8b465ee728b)
Start importing Assets/Materials/sun_texture.mat using Guid(d55bc4dbaf15680419b8ab29d35aebf0) Importer(815301076,1909f56bfc062723c751e8b465ee728b)  -> (artifact id: 'fb0ca3a3eb48710975109352748d3f70') in 0.005390 seconds
Number of updated asset objects reloaded before import = 0
Number of asset objects unloaded after import = 2
========================================================================
Received Import Request.
  Time since last request: 0.000012 seconds.
  path: Assets/Materials/moon_texture.mat
  artifactKey: Guid(564c7de7ddfb3a74d866fc9f4b9dcee2) Importer(815301076,1909f56bfc062723c751e8b465ee728b)
Start importing Assets/Materials/moon_texture.mat using Guid(564c7de7ddfb3a74d866fc9f4b9dcee2) Importer(815301076,1909f56bfc062723c751e8b465ee728b)  -> (artifact id: '635e6886758b71280762ee5cd46dfba6') in 0.007205 seconds
Number of updated asset objects reloaded before import = 0
Number of asset objects unloaded after import = 2
========================================================================
Received Import Request.
  Time since last request: 0.000010 seconds.
  path: Assets/Materials/uranus_texture.mat
  artifactKey: Guid(b4d04b630783fd14da7affeef3384c3d) Importer(815301076,1909f56bfc062723c751e8b465ee728b)
Start importing Assets/Materials/uranus_texture.mat using Guid(b4d04b630783fd14da7affeef3384c3d) Importer(815301076,1909f56bfc062723c751e8b465ee728b)  -> (artifact id: '157b8ea9cf055b758d96dc4ea869f426') in 0.007327 seconds
Number of updated asset objects reloaded before import = 0
Number of asset objects unloaded after import = 2
Editor requested this worker to shutdown with reason: Scaling down because of idle timeout
TcpMessagingSession - receive error: operation aborted. errorcode: 995, details: The I/O operation has been aborted because of either a thread exit or an application request.
AssetImportWorker is now disconnected from the server
Process exiting
Exiting without the bug reporter. Application will terminate with return code 0